f:\facultate\proiect_2015 - copy\newtrainingframework_2015\utilities\debug-nvidia\utilities.pch
f:\facultate\proiect_2015 - copy\newtrainingframework_2015\utilities\debug-nvidia\utilities.pdb
f:\facultate\proiect_2015 - copy\newtrainingframework_2015\utilities\debug-nvidia\utilities.idb
f:\facultate\proiect_2015 - copy\newtrainingframework_2015\utilities\debug-nvidia\stdafx.obj
f:\facultate\proiect_2015 - copy\newtrainingframework_2015\utilities\debug-nvidia\esshader.obj
f:\facultate\proiect_2015 - copy\newtrainingframework_2015\utilities\debug-nvidia\esutil.obj
f:\facultate\proiect_2015 - copy\newtrainingframework_2015\utilities\debug-nvidia\esutil_win.obj
f:\facultate\proiect_2015 - copy\newtrainingframework_2015\utilities\debug-nvidia\math.obj
f:\facultate\proiect_2015 - copy\newtrainingframework_2015\utilities\debug-nvidia\tga.obj
c:\users\fused\desktop\proiect_2015 - copy\newtrainingframework_2015\utilities\debug-nvidia\utilities.pch
c:\users\fused\desktop\proiect_2015 - copy\newtrainingframework_2015\utilities\debug-nvidia\utilities.pdb
c:\users\fused\desktop\proiect_2015 - copy\newtrainingframework_2015\utilities\debug-nvidia\utilities.idb
c:\users\fused\desktop\proiect_2015 - copy\newtrainingframework_2015\utilities\debug-nvidia\stdafx.obj
c:\users\fused\desktop\proiect_2015 - copy\newtrainingframework_2015\utilities\debug-nvidia\esshader.obj
c:\users\fused\desktop\proiect_2015 - copy\newtrainingframework_2015\utilities\debug-nvidia\esutil.obj
c:\users\fused\desktop\proiect_2015 - copy\newtrainingframework_2015\utilities\debug-nvidia\esutil_win.obj
c:\users\fused\desktop\proiect_2015 - copy\newtrainingframework_2015\utilities\debug-nvidia\math.obj
c:\users\fused\desktop\proiect_2015 - copy\newtrainingframework_2015\utilities\debug-nvidia\tga.obj
c:\users\anonymousclass\workfolder\gameloft\newtrainingframework_2015\utilities\debug-nvidia\utilities.pch
c:\users\anonymousclass\workfolder\gameloft\newtrainingframework_2015\utilities\debug-nvidia\utilities.pdb
c:\users\anonymousclass\workfolder\gameloft\newtrainingframework_2015\utilities\debug-nvidia\utilities.idb
c:\users\anonymousclass\workfolder\gameloft\newtrainingframework_2015\utilities\debug-nvidia\stdafx.obj
c:\users\anonymousclass\workfolder\gameloft\newtrainingframework_2015\utilities\debug-nvidia\esshader.obj
c:\users\anonymousclass\workfolder\gameloft\newtrainingframework_2015\utilities\debug-nvidia\esutil.obj
c:\users\anonymousclass\workfolder\gameloft\newtrainingframework_2015\utilities\debug-nvidia\esutil_win.obj
c:\users\anonymousclass\workfolder\gameloft\newtrainingframework_2015\utilities\debug-nvidia\math.obj
c:\users\anonymousclass\workfolder\gameloft\newtrainingframework_2015\utilities\debug-nvidia\tga.obj
f:\facultate\proiect_2015 - copy\newtrainingframework_2015\bin-nvidia\utilities.lib
c:\users\fused\desktop\proiect_2015 - copy\newtrainingframework_2015\bin-nvidia\utilities.lib
c:\users\anonymousclass\workfolder\gameloft\newtrainingframework_2015\bin-nvidia\utilities.lib
c:\users\anonymousclass\workfolder\gameloft\newtrainingframework_2015\\bin-nvidia\utilities.lib
c:\users\anonymousclass\workfolder\gameloft\newtrainingframework_2015\utilities\debug-nvidia\utilities.tlog\cl.command.1.tlog
c:\users\anonymousclass\workfolder\gameloft\newtrainingframework_2015\utilities\debug-nvidia\utilities.tlog\cl.read.1.tlog
c:\users\anonymousclass\workfolder\gameloft\newtrainingframework_2015\utilities\debug-nvidia\utilities.tlog\cl.write.1.tlog
c:\users\anonymousclass\workfolder\gameloft\newtrainingframework_2015\utilities\debug-nvidia\utilities.tlog\lib-link.read.1.tlog
c:\users\anonymousclass\workfolder\gameloft\newtrainingframework_2015\utilities\debug-nvidia\utilities.tlog\lib-link.write.1.tlog
c:\users\anonymousclass\workfolder\gameloft\newtrainingframework_2015\utilities\debug-nvidia\utilities.tlog\lib.command.1.tlog
