f:\facultate\proiect_2015 - copy\newtrainingframework_2015\newtrainingframework\debug-nvidia\newtrainingframework.pch
f:\facultate\proiect_2015 - copy\newtrainingframework_2015\newtrainingframework\debug-nvidia\vc142.pdb
f:\facultate\proiect_2015 - copy\newtrainingframework_2015\newtrainingframework\debug-nvidia\vc142.idb
f:\facultate\proiect_2015 - copy\newtrainingframework_2015\newtrainingframework\debug-nvidia\stdafx.obj
f:\facultate\proiect_2015 - copy\newtrainingframework_2015\newtrainingframework\debug-nvidia\camera.obj
f:\facultate\proiect_2015 - copy\newtrainingframework_2015\newtrainingframework\debug-nvidia\globals.obj
f:\facultate\proiect_2015 - copy\newtrainingframework_2015\newtrainingframework\debug-nvidia\newtrainingframework.obj
f:\facultate\proiect_2015 - copy\newtrainingframework_2015\newtrainingframework\debug-nvidia\shaders.obj
c:\users\anonymousclass\workfolder\gameloft\newtrainingframework_2015\newtrainingframework\debug-nvidia\newtrainingframework.pch
c:\users\anonymousclass\workfolder\gameloft\newtrainingframework_2015\newtrainingframework\debug-nvidia\vc142.pdb
c:\users\anonymousclass\workfolder\gameloft\newtrainingframework_2015\newtrainingframework\debug-nvidia\vc142.idb
c:\users\anonymousclass\workfolder\gameloft\newtrainingframework_2015\newtrainingframework\debug-nvidia\stdafx.obj
c:\users\anonymousclass\workfolder\gameloft\newtrainingframework_2015\newtrainingframework\debug-nvidia\camera.obj
c:\users\anonymousclass\workfolder\gameloft\newtrainingframework_2015\newtrainingframework\debug-nvidia\globals.obj
c:\users\anonymousclass\workfolder\gameloft\newtrainingframework_2015\newtrainingframework\debug-nvidia\newtrainingframework.obj
c:\users\anonymousclass\workfolder\gameloft\newtrainingframework_2015\newtrainingframework\debug-nvidia\shaders.obj
c:\users\anonymousclass\workfolder\gameloft\newtrainingframework_2015\newtrainingframework\debug-nvidia\shaders1.obj
f:\facultate\proiect_2015 - copy\newtrainingframework_2015\bin-nvidia\newtrainingframework.ilk
f:\facultate\proiect_2015 - copy\newtrainingframework_2015\bin-nvidia\newtrainingframework.exe
f:\facultate\proiect_2015 - copy\newtrainingframework_2015\bin-nvidia\newtrainingframework.pdb
c:\users\anonymousclass\workfolder\gameloft\newtrainingframework_2015\bin-nvidia\newtrainingframework.exe
c:\users\anonymousclass\workfolder\gameloft\newtrainingframework_2015\bin-nvidia\newtrainingframework.ilk
c:\users\anonymousclass\workfolder\gameloft\newtrainingframework_2015\bin-nvidia\newtrainingframework.pdb
c:\users\anonymousclass\workfolder\gameloft\newtrainingframework_2015\\bin-nvidia\newtrainingframework.pdb
c:\users\anonymousclass\workfolder\gameloft\newtrainingframework_2015\\bin-nvidia\newtrainingframework.exe
c:\users\anonymousclass\workfolder\gameloft\newtrainingframework_2015\\bin-nvidia\newtrainingframework.ilk
c:\users\anonymousclass\workfolder\gameloft\newtrainingframework_2015\newtrainingframework\debug-nvidia\newtrain.fc024ec8.tlog\cl.command.1.tlog
c:\users\anonymousclass\workfolder\gameloft\newtrainingframework_2015\newtrainingframework\debug-nvidia\newtrain.fc024ec8.tlog\cl.read.1.tlog
c:\users\anonymousclass\workfolder\gameloft\newtrainingframework_2015\newtrainingframework\debug-nvidia\newtrain.fc024ec8.tlog\cl.write.1.tlog
c:\users\anonymousclass\workfolder\gameloft\newtrainingframework_2015\newtrainingframework\debug-nvidia\newtrain.fc024ec8.tlog\link.1340.delete.1.tlog
c:\users\anonymousclass\workfolder\gameloft\newtrainingframework_2015\newtrainingframework\debug-nvidia\newtrain.fc024ec8.tlog\link.13564.delete.1.tlog
c:\users\anonymousclass\workfolder\gameloft\newtrainingframework_2015\newtrainingframework\debug-nvidia\newtrain.fc024ec8.tlog\link.14028.delete.1.tlog
c:\users\anonymousclass\workfolder\gameloft\newtrainingframework_2015\newtrainingframework\debug-nvidia\newtrain.fc024ec8.tlog\link.1976.delete.1.tlog
c:\users\anonymousclass\workfolder\gameloft\newtrainingframework_2015\newtrainingframework\debug-nvidia\newtrain.fc024ec8.tlog\link.4548.delete.1.tlog
c:\users\anonymousclass\workfolder\gameloft\newtrainingframework_2015\newtrainingframework\debug-nvidia\newtrain.fc024ec8.tlog\link.6208.delete.1.tlog
c:\users\anonymousclass\workfolder\gameloft\newtrainingframework_2015\newtrainingframework\debug-nvidia\newtrain.fc024ec8.tlog\link.8000.delete.1.tlog
c:\users\anonymousclass\workfolder\gameloft\newtrainingframework_2015\newtrainingframework\debug-nvidia\newtrain.fc024ec8.tlog\link.command.1.tlog
c:\users\anonymousclass\workfolder\gameloft\newtrainingframework_2015\newtrainingframework\debug-nvidia\newtrain.fc024ec8.tlog\link.delete.1.tlog
c:\users\anonymousclass\workfolder\gameloft\newtrainingframework_2015\newtrainingframework\debug-nvidia\newtrain.fc024ec8.tlog\link.read.1.tlog
c:\users\anonymousclass\workfolder\gameloft\newtrainingframework_2015\newtrainingframework\debug-nvidia\newtrain.fc024ec8.tlog\link.write.1.tlog
