c:\users\anonymousclass\workfolder\git\game_dev\newtrainingframework_2015\newtrainingframework\debug-nvidia\gameengine.pch
c:\users\anonymousclass\workfolder\git\game_dev\newtrainingframework_2015\newtrainingframework\debug-nvidia\vc142.pdb
c:\users\anonymousclass\workfolder\git\game_dev\newtrainingframework_2015\newtrainingframework\debug-nvidia\vc142.idb
c:\users\anonymousclass\workfolder\git\game_dev\newtrainingframework_2015\newtrainingframework\debug-nvidia\stdafx.obj
c:\users\anonymousclass\workfolder\git\game_dev\newtrainingframework_2015\newtrainingframework\debug-nvidia\axisresource.obj
c:\users\anonymousclass\workfolder\git\game_dev\newtrainingframework_2015\newtrainingframework\debug-nvidia\camera.obj
c:\users\anonymousclass\workfolder\git\game_dev\newtrainingframework_2015\newtrainingframework\debug-nvidia\controls.obj
c:\users\anonymousclass\workfolder\git\game_dev\newtrainingframework_2015\newtrainingframework\debug-nvidia\logger.obj
c:\users\anonymousclass\workfolder\git\game_dev\newtrainingframework_2015\newtrainingframework\debug-nvidia\model.obj
c:\users\anonymousclass\workfolder\git\game_dev\newtrainingframework_2015\newtrainingframework\debug-nvidia\modelresource.obj
c:\users\anonymousclass\workfolder\git\game_dev\newtrainingframework_2015\newtrainingframework\debug-nvidia\gameengine.obj
c:\users\anonymousclass\workfolder\git\game_dev\newtrainingframework_2015\newtrainingframework\debug-nvidia\parser.obj
c:\users\anonymousclass\workfolder\git\game_dev\newtrainingframework_2015\newtrainingframework\debug-nvidia\resource.obj
c:\users\anonymousclass\workfolder\git\game_dev\newtrainingframework_2015\newtrainingframework\debug-nvidia\resourcemanager.obj
c:\users\anonymousclass\workfolder\git\game_dev\newtrainingframework_2015\newtrainingframework\debug-nvidia\scenemanager.obj
c:\users\anonymousclass\workfolder\git\game_dev\newtrainingframework_2015\newtrainingframework\debug-nvidia\sceneobject.obj
c:\users\anonymousclass\workfolder\git\game_dev\newtrainingframework_2015\newtrainingframework\debug-nvidia\shader.obj
c:\users\anonymousclass\workfolder\git\game_dev\newtrainingframework_2015\newtrainingframework\debug-nvidia\shaderresource.obj
c:\users\anonymousclass\workfolder\git\game_dev\newtrainingframework_2015\newtrainingframework\debug-nvidia\skyboxobject.obj
c:\users\anonymousclass\workfolder\git\game_dev\newtrainingframework_2015\newtrainingframework\debug-nvidia\terrainobject.obj
c:\users\anonymousclass\workfolder\git\game_dev\newtrainingframework_2015\newtrainingframework\debug-nvidia\texture.obj
c:\users\anonymousclass\workfolder\git\game_dev\newtrainingframework_2015\newtrainingframework\debug-nvidia\textureresource.obj
c:\users\anonymousclass\workfolder\git\game_dev\newtrainingframework_2015\newtrainingframework\debug-nvidia\vertexaxis.obj
c:\users\anonymousclass\workfolder\git\game_dev\newtrainingframework_2015\newtrainingframework\debug-nvidia\vertex_nfg.obj
c:\users\anonymousclass\workfolder\git\game_dev\newtrainingframework_2015\newtrainingframework\debug-nvidia\axismodel.obj
c:\users\anonymousclass\workfolder\git\game_dev\newtrainingframework_2015\bin-nvidia\gameengine.exe
c:\users\anonymousclass\workfolder\git\game_dev\newtrainingframework_2015\bin-nvidia\gameengine.ilk
c:\users\anonymousclass\workfolder\git\game_dev\newtrainingframework_2015\bin-nvidia\gameengine.pdb
c:\users\anonymousclass\workfolder\git\game_dev\newtrainingframework_2015\\bin-nvidia\gameengine.pdb
c:\users\anonymousclass\workfolder\git\game_dev\newtrainingframework_2015\\bin-nvidia\gameengine.exe
c:\users\anonymousclass\workfolder\git\game_dev\newtrainingframework_2015\\bin-nvidia\gameengine.ilk
c:\users\anonymousclass\workfolder\git\game_dev\newtrainingframework_2015\newtrainingframework\debug-nvidia\gameengine.tlog\cl.command.1.tlog
c:\users\anonymousclass\workfolder\git\game_dev\newtrainingframework_2015\newtrainingframework\debug-nvidia\gameengine.tlog\cl.read.1.tlog
c:\users\anonymousclass\workfolder\git\game_dev\newtrainingframework_2015\newtrainingframework\debug-nvidia\gameengine.tlog\cl.write.1.tlog
c:\users\anonymousclass\workfolder\git\game_dev\newtrainingframework_2015\newtrainingframework\debug-nvidia\gameengine.tlog\link.132.delete.1.tlog
c:\users\anonymousclass\workfolder\git\game_dev\newtrainingframework_2015\newtrainingframework\debug-nvidia\gameengine.tlog\link.14704.delete.1.tlog
c:\users\anonymousclass\workfolder\git\game_dev\newtrainingframework_2015\newtrainingframework\debug-nvidia\gameengine.tlog\link.command.1.tlog
c:\users\anonymousclass\workfolder\git\game_dev\newtrainingframework_2015\newtrainingframework\debug-nvidia\gameengine.tlog\link.delete.1.tlog
c:\users\anonymousclass\workfolder\git\game_dev\newtrainingframework_2015\newtrainingframework\debug-nvidia\gameengine.tlog\link.read.1.tlog
c:\users\anonymousclass\workfolder\git\game_dev\newtrainingframework_2015\newtrainingframework\debug-nvidia\gameengine.tlog\link.write.1.tlog
