C:\Program Files (x86)\Microsoft Visual Studio\2019\Community\MSBuild\Microsoft\VC\v160\Microsoft.CppBuild.targets(452,5): warning MSB8028: The intermediate directory (Debug-Nvidia\) contains files shared from another project (GameEngine.vcxproj, NewTrainingFramework.vcxproj).  This can lead to incorrect clean and rebuild behavior.
  Camera.cpp
C:\Users\AnonymousClass\WorkFolder\GIT\game_dev\GameEngine\Utilities\Math.h(184,1): warning C4521:  'Matrix': multiple copy constructors specified
  CameraBuilder.cpp
C:\Users\AnonymousClass\WorkFolder\GIT\game_dev\GameEngine\Utilities\Math.h(184,1): warning C4522:  'Matrix': multiple assignment operators specified
C:\Users\AnonymousClass\WorkFolder\GIT\game_dev\GameEngine\Utilities\Math.h(184,1): warning C4521:  'Matrix': multiple copy constructors specified
  FireObject.cpp
C:\Users\AnonymousClass\WorkFolder\GIT\game_dev\GameEngine\Utilities\Math.h(184,1): warning C4522:  'Matrix': multiple assignment operators specified
C:\Users\AnonymousClass\WorkFolder\GIT\game_dev\GameEngine\Utilities\Math.h(184,1): warning C4521:  'Matrix': multiple copy constructors specified
  GameEngine.cpp
C:\Users\AnonymousClass\WorkFolder\GIT\game_dev\GameEngine\Utilities\Math.h(184,1): warning C4522:  'Matrix': multiple assignment operators specified
C:\Users\AnonymousClass\WorkFolder\GIT\game_dev\GameEngine\Utilities\Math.h(184,1): warning C4521:  'Matrix': multiple copy constructors specified
  NormalLight.cpp
C:\Users\AnonymousClass\WorkFolder\GIT\game_dev\GameEngine\Utilities\Math.h(184,1): warning C4522:  'Matrix': multiple assignment operators specified
C:\Users\AnonymousClass\WorkFolder\GIT\game_dev\GameEngine\Utilities\Math.h(184,1): warning C4521:  'Matrix': multiple copy constructors specified
  RapidSceneAdapter.cpp
C:\Users\AnonymousClass\WorkFolder\GIT\game_dev\GameEngine\Utilities\Math.h(184,1): warning C4522:  'Matrix': multiple assignment operators specified
C:\Users\AnonymousClass\WorkFolder\GIT\game_dev\GameEngine\Utilities\Math.h(184,1): warning C4521:  'Matrix': multiple copy constructors specified
  SceneManager.cpp
C:\Users\AnonymousClass\WorkFolder\GIT\game_dev\GameEngine\Utilities\Math.h(184,1): warning C4522:  'Matrix': multiple assignment operators specified
C:\Users\AnonymousClass\WorkFolder\GIT\game_dev\GameEngine\Utilities\Math.h(184,1): warning C4521:  'Matrix': multiple copy constructors specified
C:\Users\AnonymousClass\WorkFolder\GIT\game_dev\GameEngine\Utilities\Math.h(184,1): warning C4522:  'Matrix': multiple assignment operators specified
C:\Users\AnonymousClass\WorkFolder\GIT\game_dev\GameEngine\NewTrainingFramework\SceneManager.cpp(117,21): warning C4018:  '<': signed/unsigned mismatch
  SceneObject.cpp
C:\Users\AnonymousClass\WorkFolder\GIT\game_dev\GameEngine\NewTrainingFramework\SceneManager.cpp(119,26): warning C4018:  '<': signed/unsigned mismatch
C:\Users\AnonymousClass\WorkFolder\GIT\game_dev\GameEngine\Utilities\Math.h(184,1): warning C4521:  'Matrix': multiple copy constructors specified
C:\Users\AnonymousClass\WorkFolder\GIT\game_dev\GameEngine\Utilities\Math.h(184,1): warning C4522:  'Matrix': multiple assignment operators specified
C:\Users\AnonymousClass\WorkFolder\GIT\game_dev\GameEngine\NewTrainingFramework\SceneObject.cpp(169,30): warning C4018:  '<': signed/unsigned mismatch
  SkyboxObject.cpp
C:\Users\AnonymousClass\WorkFolder\GIT\game_dev\GameEngine\NewTrainingFramework\SceneObject.cpp(177,81): warning C4244:  'argument': conversion from 'GLint' to 'GLfloat', possible loss of data
C:\Users\AnonymousClass\WorkFolder\GIT\game_dev\GameEngine\Utilities\Math.h(184,1): warning C4521:  'Matrix': multiple copy constructors specified
  SpotLight.cpp
C:\Users\AnonymousClass\WorkFolder\GIT\game_dev\GameEngine\Utilities\Math.h(184,1): warning C4522:  'Matrix': multiple assignment operators specified
C:\Users\AnonymousClass\WorkFolder\GIT\game_dev\GameEngine\Utilities\Math.h(184,1): warning C4521:  'Matrix': multiple copy constructors specified
  TerrainObject.cpp
C:\Users\AnonymousClass\WorkFolder\GIT\game_dev\GameEngine\Utilities\Math.h(184,1): warning C4522:  'Matrix': multiple assignment operators specified
C:\Users\AnonymousClass\WorkFolder\GIT\game_dev\GameEngine\Utilities\Math.h(184,1): warning C4521:  'Matrix': multiple copy constructors specified
  Generating Code...
C:\Users\AnonymousClass\WorkFolder\GIT\game_dev\GameEngine\Utilities\Math.h(184,1): warning C4522:  'Matrix': multiple assignment operators specified
  NewTrainingFramework.vcxproj -> C:\Users\AnonymousClass\WorkFolder\GIT\game_dev\GameEngine\\BIN-Nvidia\GameEngine.exe
